<?xml version="1.0" encoding="UTF-8"?>
<!-- Generated by org.testng.reporters.JUnitReportReporter -->
<testsuite hostname="Neels-MacBook-Pro.local" name="Signup.SignUpTest" tests="1" failures="0" timestamp="6 Sep 2015 01:54:33 GMT" time="18.857" errors="0">
  <testcase name="ClicktoYahooSignup" time="18.857" classname="Signup.SignUpTest"/>
</testsuite> <!-- Signup.SignUpTest -->
