<?xml version="1.0" encoding="UTF-8"?>
<!-- Generated by org.testng.reporters.JUnitReportReporter -->
<testsuite hostname="Neels-MacBook-Pro.local" name="ForgotPassword.ForgotPasswordTest" tests="1" failures="0" timestamp="5 Sep 2015 22:52:49 GMT" time="13.453" errors="0">
  <testcase name="SendEmailOnForgotPassword" time="13.453" classname="ForgotPassword.ForgotPasswordTest"/>
</testsuite> <!-- ForgotPassword.ForgotPasswordTest -->
