<?xml version="1.0" encoding="UTF-8"?>
<!-- Generated by org.testng.reporters.JUnitReportReporter -->
<testsuite hostname="Neels-MacBook-Pro.local" name="login.LoginTest" tests="1" failures="0" timestamp="6 Sep 2015 01:51:36 GMT" time="20.036" errors="0">
  <testcase name="NavigateToYahooLogin" time="20.036" classname="login.LoginTest"/>
</testsuite> <!-- login.LoginTest -->
