<?xml version="1.0" encoding="UTF-8"?>
<!-- Generated by org.testng.reporters.JUnitReportReporter -->
<testsuite hostname="Neels-MacBook-Pro.local" name="login.LoginTest" tests="1" failures="0" timestamp="5 Sep 2015 03:46:21 GMT" time="0.006" errors="0">
  <testcase name="testLogin" time="0.006" classname="login.LoginTest"/>
</testsuite> <!-- login.LoginTest -->
